DEBUG:root:Anzahl der Einträge: 5
DEBUG:root:Neue Daten: [['1', '1964', '10', '10', '8', '12', '53:62', '-9', '38', '1. Bundesliga'], ['2', '1964', '10', '10', '8', '12', '53:62', '-9', '38', '1. Bundesliga'], ['3', '1965', '1', '15', '11', '4', '54:29', '25', '41', '1. Bundesliga'], ['', '1966', '9', '10', '10', '14', '56:56', '0', '40', '1. Bundesliga'], ['', '', '', '', '', '', '', '', '', '']]
DEBUG:root:Daten neu gespeichert: [['1', '1964', '10', '10', '8', '12', '53:62', '-9', '38', '1. Bundesliga'], ['2', '1964', '10', '10', '8', '12', '53:62', '-9', '38', '1. Bundesliga'], ['3', '1965', '1', '15', '11', '4', '54:29', '25', '41', '1. Bundesliga'], ['', '1966', '9', '10', '10', '14', '56:56', '0', '40', '1. Bundesliga'], ['', '', '', '', '', '', '', '', '', '']]
DEBUG:root:Anzahl der Einträge: 6
DEBUG:root:Neue Daten: [['4', '1964', '10', '10', '8', '12', '53:62', '-9', '38', '1. Bundesliga'], ['5', '1964', '10', '10', '8', '12', '53:62', '-9', '38', '1. Bundesliga'], ['6', '1965', '1', '15', '11', '4', '54:29', '25', '41', '1. Bundesliga'], ['7', '1966', '9', '10', '10', '14', '56:56', '0', '40', '1. Bundesliga'], ['8', '1967', '12', '5', '5', '24', '52:99', '47', '20', '1. Bundesliga'], ['', '', '', '', '', '', '', '', '', '']]
DEBUG:root:Daten neu gespeichert: [['4', '1964', '10', '10', '8', '12', '53:62', '-9', '38', '1. Bundesliga'], ['5', '1964', '10', '10', '8', '12', '53:62', '-9', '38', '1. Bundesliga'], ['6', '1965', '1', '15', '11', '4', '54:29', '25', '41', '1. Bundesliga'], ['7', '1966', '9', '10', '10', '14', '56:56', '0', '40', '1. Bundesliga'], ['8', '1967', '12', '5', '5', '24', '52:99', '47', '20', '1. Bundesliga'], ['', '', '', '', '', '', '', '', '', '']]
DEBUG:root:Anzahl der Einträge: 1
DEBUG:root:Neue Daten: [['', '1964', '10', '10', '8', '12', '53:62', '-9', '38', '1. Bundesliga']]
DEBUG:root:Daten neu gespeichert: [['', '1964', '10', '10', '8', '12', '53:62', '-9', '38', '1. Bundesliga']]
DEBUG:root:Anzahl der Einträge: 2
DEBUG:root:Neue Daten: [['1', '1964', '10', '10', '8', '12', '53:62', '-9', '38', '1. Bundesliga'], ['', '1965', '1', '15', '11', '4', '54:29', '25', '41', '1. Bundesliga']]
DEBUG:root:Daten neu gespeichert: [['1', '1964', '10', '10', '8', '12', '53:62', '-9', '38', '1. Bundesliga'], ['', '1965', '1', '15', '11', '4', '54:29', '25', '41', '1. Bundesliga']]
DEBUG:root:Anzahl der Einträge: 3
DEBUG:root:Neue Daten: [['2', '1964', '10', '10', '8', '12', '53:62', '-9', '38', '1. Bundesliga'], ['3', '1965', '1', '15', '11', '4', '54:29', '25', '41', '1. Bundesliga'], ['', '1966', '4', '21', '3', '10', '76:40', '36', '47', '1. Bundesliga']]
DEBUG:root:Daten neu gespeichert: [['2', '1964', '10', '10', '8', '12', '53:62', '-9', '38', '1. Bundesliga'], ['3', '1965', '1', '15', '11', '4', '54:29', '25', '41', '1. Bundesliga'], ['', '1966', '4', '21', '3', '10', '76:40', '36', '47', '1. Bundesliga']]
DEBUG:root:Anzahl der Einträge: 5
DEBUG:root:Neue Daten: [['4', '1964', '10', '10', '8', '12', '53:62', '-9', '38', '1. Bundesliga'], ['5', '1965', '1', '15', '11', '4', '54:29', '25', '41', '1. Bundesliga'], ['6', '1966', '4', '21', '3', '10', '76:40', '36', '47', '1. Bundesliga'], ['', '1967', '16', '10', '9', '15', '49:56', '-7', '29', '1. Bundesliga'], ['', '1968', '2', '18', '8', '8', '68:51', '17', '44', '1. Bundesliga']]
DEBUG:root:Daten neu gespeichert: [['4', '1964', '10', '10', '8', '12', '53:62', '-9', '38', '1. Bundesliga'], ['5', '1965', '1', '15', '11', '4', '54:29', '25', '41', '1. Bundesliga'], ['6', '1966', '4', '21', '3', '10', '76:40', '36', '47', '1. Bundesliga'], ['', '1967', '16', '10', '9', '15', '49:56', '-7', '29', '1. Bundesliga'], ['', '1968', '2', '18', '8', '8', '68:51', '17', '44', '1. Bundesliga']]
DEBUG:root:Anzahl der Einträge: 7
DEBUG:root:Neue Daten: [['7', '1964', '10', '10', '8', '12', '53:62', '-9', '38', '1. Bundesliga'], ['8', '1965', '1', '15', '11', '4', '54:29', '25', '41', '1. Bundesliga'], ['9', '1966', '4', '21', '3', '10', '76:40', '36', '47', '1. Bundesliga'], ['10', '1967', '16', '10', '9', '15', '49:56', '-7', '29', '1. Bundesliga'], ['11', '1968', '2', '18', '8', '8', '68:51', '17', '44', '1. Bundesliga'], ['12', '1969', '9', '14', '6', '14', '59:59', '0', '34', '1. Bundesliga'], ['13', '', '', '', '', '', '', '', '', '']]
DEBUG:root:Daten neu gespeichert: [['7', '1964', '10', '10', '8', '12', '53:62', '-9', '38', '1. Bundesliga'], ['8', '1965', '1', '15', '11', '4', '54:29', '25', '41', '1. Bundesliga'], ['9', '1966', '4', '21', '3', '10', '76:40', '36', '47', '1. Bundesliga'], ['10', '1967', '16', '10', '9', '15', '49:56', '-7', '29', '1. Bundesliga'], ['11', '1968', '2', '18', '8', '8', '68:51', '17', '44', '1. Bundesliga'], ['12', '1969', '9', '14', '6', '14', '59:59', '0', '34', '1. Bundesliga'], ['13', '', '', '', '', '', '', '', '', '']]
DEBUG:root:Anzahl der Einträge: 8
DEBUG:root:Neue Daten: [['12', '1964', '10', '10', '8', '12', '53:62', '-9', '38', '1. Bundesliga'], ['13', '1965', '1', '15', '11', '4', '54:29', '25', '41', '1. Bundesliga'], ['14', '1966', '4', '21', '3', '10', '76:40', '36', '47', '1. Bundesliga'], ['15', '1967', '16', '10', '9', '15', '49:56', '-7', '29', '1. Bundesliga'], ['16', '1968', '2', '18', '8', '8', '68:51', '17', '44', '1. Bundesliga'], ['17', '1969', '9', '14', '6', '14', '59:59', '0', '34', '1. Bundesliga'], ['18', '1970', '1', '25', '5', '4', '100:25', '75', '80', '1. Bundesliga'], ['19', '', '', '', '', '', '', '', '', '']]
DEBUG:root:Daten neu gespeichert: [['12', '1964', '10', '10', '8', '12', '53:62', '-9', '38', '1. Bundesliga'], ['13', '1965', '1', '15', '11', '4', '54:29', '25', '41', '1. Bundesliga'], ['14', '1966', '4', '21', '3', '10', '76:40', '36', '47', '1. Bundesliga'], ['15', '1967', '16', '10', '9', '15', '49:56', '-7', '29', '1. Bundesliga'], ['16', '1968', '2', '18', '8', '8', '68:51', '17', '44', '1. Bundesliga'], ['17', '1969', '9', '14', '6', '14', '59:59', '0', '34', '1. Bundesliga'], ['18', '1970', '1', '25', '5', '4', '100:25', '75', '80', '1. Bundesliga'], ['19', '', '', '', '', '', '', '', '', '']]
DEBUG:root:Anzahl der Einträge: 9
DEBUG:root:Neue Daten: [['19', '1964', '10', '10', '8', '12', '53:62', '-9', '38', '1. Bundesliga'], ['20', '1965', '1', '15', '11', '4', '54:29', '25', '41', '1. Bundesliga'], ['21', '1966', '4', '21', '3', '10', '76:40', '36', '47', '1. Bundesliga'], ['22', '1967', '16', '10', '9', '15', '49:56', '-7', '29', '1. Bundesliga'], ['23', '1968', '2', '18', '8', '8', '68:51', '17', '44', '1. Bundesliga'], ['24', '1969', '9', '14', '6', '14', '59:59', '0', '34', '1. Bundesliga'], ['25', '1970', '1', '25', '5', '4', '100:25', '75', '80', '1. Bundesliga'], ['26', '', '', '', '', '', '', '', '', ''], ['27', '', '', '', '', '', '', '', '', '']]
DEBUG:root:Daten neu gespeichert: [['19', '1964', '10', '10', '8', '12', '53:62', '-9', '38', '1. Bundesliga'], ['20', '1965', '1', '15', '11', '4', '54:29', '25', '41', '1. Bundesliga'], ['21', '1966', '4', '21', '3', '10', '76:40', '36', '47', '1. Bundesliga'], ['22', '1967', '16', '10', '9', '15', '49:56', '-7', '29', '1. Bundesliga'], ['23', '1968', '2', '18', '8', '8', '68:51', '17', '44', '1. Bundesliga'], ['24', '1969', '9', '14', '6', '14', '59:59', '0', '34', '1. Bundesliga'], ['25', '1970', '1', '25', '5', '4', '100:25', '75', '80', '1. Bundesliga'], ['26', '', '', '', '', '', '', '', '', ''], ['27', '', '', '', '', '', '', '', '', '']]
DEBUG:root:Anzahl der Einträge: 5
DEBUG:root:Neue Daten: [['27', '1964', '10', '10', '8', '12', '53:62', '-9', '38', '1. Bundesliga'], ['28', '1965', '1', '15', '11', '4', '54:29', '25', '41', '1. Bundesliga'], ['29', '1966', '4', '21', '3', '10', '76:40', '36', '47', '1. Bundesliga'], ['30', '1967', '16', '10', '9', '15', '49:56', '-7', '29', '1. Bundesliga'], ['1', '', '', '', '', '', '', '', '', '']]
DEBUG:root:Daten neu gespeichert: [['27', '1964', '10', '10', '8', '12', '53:62', '-9', '38', '1. Bundesliga'], ['28', '1965', '1', '15', '11', '4', '54:29', '25', '41', '1. Bundesliga'], ['29', '1966', '4', '21', '3', '10', '76:40', '36', '47', '1. Bundesliga'], ['30', '1967', '16', '10', '9', '15', '49:56', '-7', '29', '1. Bundesliga'], ['1', '', '', '', '', '', '', '', '', '']]
DEBUG:root:Anzahl der Einträge: 5
DEBUG:root:Neue Daten: [['36', '1964', '10', '10', '8', '12', '53:62', '-9', '38', '1. Bundesliga'], ['37', '1965', '1', '15', '11', '4', '54:29', '25', '41', '1. Bundesliga'], ['38', '1966', '4', '21', '3', '10', '76:40', '36', '47', '1. Bundesliga'], ['40', '', '', '', '', '', '', '', '', ''], ['1', '', '', '', '', '', '', '', '', '']]
DEBUG:root:Daten neu gespeichert: [['36', '1964', '10', '10', '8', '12', '53:62', '-9', '38', '1. Bundesliga'], ['37', '1965', '1', '15', '11', '4', '54:29', '25', '41', '1. Bundesliga'], ['38', '1966', '4', '21', '3', '10', '76:40', '36', '47', '1. Bundesliga'], ['40', '', '', '', '', '', '', '', '', ''], ['1', '', '', '', '', '', '', '', '', '']]
DEBUG:root:Anzahl der Einträge: 1
DEBUG:root:Neue Daten: [['1', 'Willi', 'Multhaup', '1963', '1965']]
DEBUG:root:Daten neu gespeichert: [['1', 'Willi', 'Multhaup', '1963', '1965']]
DEBUG:root:Anzahl der Einträge: 2
DEBUG:root:Neue Daten: [['1', 'Willi', 'Multhaup', '1963', '1965'], ['2', 'Günter', 'Brocker', '1965', '1967']]
DEBUG:root:Daten neu gespeichert: [['1', 'Willi', 'Multhaup', '1963', '1965'], ['2', 'Günter', 'Brocker', '1965', '1967']]
DEBUG:root:Anzahl der Einträge: 3
DEBUG:root:Neue Daten: [['2', 'Willi', 'Multhaup', '1963', '1965'], ['3', 'Günter', 'Brocker', '1965', '1967'], ['4', 'Fritz', 'Langner', '1967', '1969']]
DEBUG:root:Daten neu gespeichert: [['2', 'Willi', 'Multhaup', '1963', '1965'], ['3', 'Günter', 'Brocker', '1965', '1967'], ['4', 'Fritz', 'Langner', '1967', '1969']]
DEBUG:root:Anzahl der Einträge: 4
DEBUG:root:Neue Daten: [['4', 'Willi', 'Multhaup', '1963', '1965'], ['5', 'Günter', 'Brocker', '1965', '1967'], ['6', 'Fritz', 'Langner', '1967', '1969'], ['7', 'Fritz', 'Rebell', '1969', '1970']]
DEBUG:root:Daten neu gespeichert: [['4', 'Willi', 'Multhaup', '1963', '1965'], ['5', 'Günter', 'Brocker', '1965', '1967'], ['6', 'Fritz', 'Langner', '1967', '1969'], ['7', 'Fritz', 'Rebell', '1969', '1970']]
DEBUG:root:Anzahl der Einträge: 5
DEBUG:root:Neue Daten: [['7', 'Willi', 'Multhaup', '1963', '1965'], ['8', 'Günter', 'Brocker', '1965', '1967'], ['9', 'Fritz', 'Langner', '1967', '1969'], ['10', 'Fritz', 'Rebell', '1969', '1970'], ['11', 'Hans', 'Tilkowski', '1970', '1970']]
DEBUG:root:Daten neu gespeichert: [['7', 'Willi', 'Multhaup', '1963', '1965'], ['8', 'Günter', 'Brocker', '1965', '1967'], ['9', 'Fritz', 'Langner', '1967', '1969'], ['10', 'Fritz', 'Rebell', '1969', '1970'], ['11', 'Hans', 'Tilkowski', '1970', '1970']]
DEBUG:root:Anzahl der Einträge: 5
DEBUG:root:Neue Daten: [['11', 'Willi', 'Multhaup', '1963', '1965'], ['12', 'Günter', 'Brocker', '1965', '1967'], ['13', 'Fritz', 'Langner', '1967', '1969'], ['14', 'Fritz', 'Rebell', '1969', '1970'], ['1', '', '', '', '']]
DEBUG:root:Daten neu gespeichert: [['11', 'Willi', 'Multhaup', '1963', '1965'], ['12', 'Günter', 'Brocker', '1965', '1967'], ['13', 'Fritz', 'Langner', '1967', '1969'], ['14', 'Fritz', 'Rebell', '1969', '1970'], ['1', '', '', '', '']]
DEBUG:root:Anzahl der Einträge: 1
DEBUG:root:Neue Daten: [['1', 'Deuttscher Meister', '1965']]
DEBUG:root:Daten neu gespeichert: [['1', 'Deuttscher Meister', '1965']]
DEBUG:root:Anzahl der Einträge: 2
DEBUG:root:Neue Daten: [['1', 'Deutscher Meister', '1965'], ['2', '', '']]
DEBUG:root:Daten neu gespeichert: [['1', 'Deutscher Meister', '1965'], ['2', '', '']]
DEBUG:root:Anzahl der Einträge: 3
DEBUG:root:Neue Daten: [['2', 'Deutscher Meister', '1965'], ['3', 'Deutscher Meister', '1988'], ['4', '', '']]
DEBUG:root:Daten neu gespeichert: [['2', 'Deutscher Meister', '1965'], ['3', 'Deutscher Meister', '1988'], ['4', '', '']]
DEBUG:root:Anzahl der Einträge: 1
DEBUG:root:Neue Daten: [['1', 'Deutscher Meister', '1965']]
DEBUG:root:Daten neu gespeichert: [['1', 'Deutscher Meister', '1965']]
DEBUG:root:Anzahl der Einträge: 1
DEBUG:root:Neue Daten: [['1', '', '', '', '', '', '', '', '', '']]
DEBUG:root:Daten neu gespeichert: [['1', '', '', '', '', '', '', '', '', '']]
DEBUG:root:Anzahl der Einträge: 15
DEBUG:root:Neue Daten: [['1', 'DFB-Pokal', '1961'], ['2', 'Deutscher Meister', '1965'], ['3', 'Deutscher Meister', '1988'], ['4', 'Deutscher Superpokal', '1988'], ['5', 'DFB-Pokal', '1991'], ['6', 'Europapokal der Pokalsieger', '1992'], ['7', 'Deutscher Superpokal', '1993'], ['8', 'Deutscher Meister', '1993'], ['9', 'DFB-Pokal', '1994'], ['10', 'DFB-Pokal', '1999'], ['11', 'Deutscher Meister', '2004'], ['12', 'DFB-Pokal', '2004'], ['13', 'Ligapokal', '2006'], ['14', 'Deutscher Superpokal', '2009'], ['15', 'DFB-Pokal', '2009']]
DEBUG:root:Daten neu gespeichert: [['1', 'DFB-Pokal', '1961'], ['2', 'Deutscher Meister', '1965'], ['3', 'Deutscher Meister', '1988'], ['4', 'Deutscher Superpokal', '1988'], ['5', 'DFB-Pokal', '1991'], ['6', 'Europapokal der Pokalsieger', '1992'], ['7', 'Deutscher Superpokal', '1993'], ['8', 'Deutscher Meister', '1993'], ['9', 'DFB-Pokal', '1994'], ['10', 'DFB-Pokal', '1999'], ['11', 'Deutscher Meister', '2004'], ['12', 'DFB-Pokal', '2004'], ['13', 'Ligapokal', '2006'], ['14', 'Deutscher Superpokal', '2009'], ['15', 'DFB-Pokal', '2009']]
